<?xml version="1.0" encoding="UTF-8"?>
<!-- Generated by org.testng.reporters.JUnitReportReporter -->
<testsuite hostname="LGDN14616-W7D01" name="testsuite_Articles.TM_JOOMLA_ARTICLE_1to8" tests="6" failures="0" timestamp="7 Dec 2015 14:35:15 GMT" time="24.052" errors="0">
  <testcase name="TC_JOOMLA_ARTICLE_002" time="5.860" classname="testsuite_Articles.TM_JOOMLA_ARTICLE_1to8"/>
  <testcase name="TC_JOOMLA_ARTICLE_003" time="1.822" classname="testsuite_Articles.TM_JOOMLA_ARTICLE_1to8"/>
  <testcase name="TC_JOOMLA_ARTICLE_001" time="8.305" classname="testsuite_Articles.TM_JOOMLA_ARTICLE_1to8"/>
  <testcase name="TC_JOOMLA_ARTICLE_007" time="4.168" classname="testsuite_Articles.TM_JOOMLA_ARTICLE_1to8"/>
  <testcase name="TC_JOOMLA_ARTICLE_004" time="2.080" classname="testsuite_Articles.TM_JOOMLA_ARTICLE_1to8"/>
  <testcase name="TC_JOOMLA_ARTICLE_005" time="1.817" classname="testsuite_Articles.TM_JOOMLA_ARTICLE_1to8"/>
</testsuite> <!-- testsuite_Articles.TM_JOOMLA_ARTICLE_1to8 -->
