<?xml version="1.0" encoding="UTF-8"?>
<!-- Generated by org.testng.reporters.JUnitReportReporter -->
<testsuite hostname="LGDN13400-W7C01" name="testsuite_Articles.TM_JOOMLA_ARTICLE_1to8" tests="2" failures="0" timestamp="7 Dec 2015 10:49:30 GMT" time="16.539" errors="0">
  <testcase name="TC_JOOMLA_ARTICLE_003" time="2.254" classname="testsuite_Articles.TM_JOOMLA_ARTICLE_1to8"/>
  <testcase name="TC_JOOMLA_ARTICLE_001" time="14.285" classname="testsuite_Articles.TM_JOOMLA_ARTICLE_1to8"/>
</testsuite> <!-- testsuite_Articles.TM_JOOMLA_ARTICLE_1to8 -->
