<?xml version="1.0" encoding="UTF-8"?>
<!-- Generated by org.testng.reporters.JUnitReportReporter -->
<testsuite hostname="LGDN13400-W7C01" name="testsuite_Articles.TM_JOOMLA_ARTICLE_1to8" tests="4" failures="0" timestamp="2 Dec 2015 13:21:27 GMT" time="28.256" errors="0">
  <testcase name="TC_JOOMLA_ARTICLE_005" time="3.544" classname="testsuite_Articles.TM_JOOMLA_ARTICLE_1to8"/>
  <testcase name="TC_JOOMLA_ARTICLE_001" time="9.943" classname="testsuite_Articles.TM_JOOMLA_ARTICLE_1to8"/>
  <testcase name="TC_JOOMLA_ARTICLE_002" time="9.093" classname="testsuite_Articles.TM_JOOMLA_ARTICLE_1to8"/>
  <testcase name="TC_JOOMLA_ARTICLE_007" time="5.676" classname="testsuite_Articles.TM_JOOMLA_ARTICLE_1to8"/>
</testsuite> <!-- testsuite_Articles.TM_JOOMLA_ARTICLE_1to8 -->
